<?xml version="1.0" encoding="UTF-8"?>
<testsuite xmlns:xsi="http://www.w3.org/2001/XMLSchema-instance" xsi:schemaLocation="https://maven.apache.org/surefire/maven-surefire-plugin/xsd/surefire-test-report.xsd" name="TestSuite" time="63.247" tests="3" errors="0" skipped="0" failures="2">
  <properties>
[...]
</properties>
  <testcase name="POC_JOBSTREET_HOMEPAGE_1_001_001" classname="com.test.poc.jobstreetSIT.HomePageTest" time="0.02"/>
  <testcase name="POC_JOBSTREET_HOMEPAGE_1_001_002" classname="com.test.poc.jobstreetSIT.HomePageTest" time="0.101">
    <failure message="unknown error: call function result missing &apos;value&apos;&#10;  (Session info: chrome=65.0.3325.181)&#10;  (Driver info: chromedriver=2.33.506120 (e3e53437346286c0bc2d2dc9aa4915ba81d9023f),platform=Windows NT 10.0.14393 x86_64) (WARNING: The server did not provide any stacktrace information)&#10;Command duration or timeout: 12 milliseconds&#10;Build info: version: &apos;3.4.0&apos;, revision: &apos;unknown&apos;, time: &apos;unknown&apos;&#10;System info: host: &apos;SUEC-73103T7-LX&apos;, ip: &apos;10.225.3.48&apos;, os.name: &apos;Windows 10&apos;, os.arch: &apos;x86&apos;, os.version: &apos;10.0&apos;, java.version: &apos;1.8.0_111&apos;&#10;Driver info: org.openqa.selenium.chrome.ChromeDriver&#10;Capabilities [{applicationCacheEnabled=false, rotatable=false, mobileEmulationEnabled=false, networkConnectionEnabled=false, chrome={chromedriverVersion=2.33.506120 (e3e53437346286c0bc2d2dc9aa4915ba81d9023f), userDataDir=C:\Users\JOEMC~1.PED\AppData\Local\Temp\scoped_dir8348_11385}, takesHeapSnapshot=true, pageLoadStrategy=normal, databaseEnabled=false, handlesAlerts=true, hasTouchScreen=false, version=65.0.3325.181, platform=XP, browserConnectionEnabled=false, nativeEvents=true, acceptSslCerts=true, locationContextEnabled=true, webStorageEnabled=true, browserName=chrome, takesScreenshot=true, javascriptEnabled=true, cssSelectorsEnabled=true, setWindowRect=true, unexpectedAlertBehaviour=}]&#10;Session ID: d1d351dfcbc0e996b3251adaad670450" type="org.openqa.selenium.WebDriverException">org.openqa.selenium.WebDriverException: 
unknown error: call function result missing 'value'
  (Session info: chrome=65.0.3325.181)
  (Driver info: chromedriver=2.33.506120 (e3e53437346286c0bc2d2dc9aa4915ba81d9023f),platform=Windows NT 10.0.14393 x86_64) (WARNING: The server did not provide any stacktrace information)
Command duration or timeout: 12 milliseconds
Build info: version: '3.4.0', revision: 'unknown', time: 'unknown'
System info: host: 'SUEC-73103T7-LX', ip: '10.225.3.48', os.name: 'Windows 10', os.arch: 'x86', os.version: '10.0', java.version: '1.8.0_111'
Driver info: org.openqa.selenium.chrome.ChromeDriver
Capabilities [{applicationCacheEnabled=false, rotatable=false, mobileEmulationEnabled=false, networkConnectionEnabled=false, chrome={chromedriverVersion=2.33.506120 (e3e53437346286c0bc2d2dc9aa4915ba81d9023f), userDataDir=C:\Users\JOEMC~1.PED\AppData\Local\Temp\scoped_dir8348_11385}, takesHeapSnapshot=true, pageLoadStrategy=normal, databaseEnabled=false, handlesAlerts=true, hasTouchScreen=false, version=65.0.3325.181, platform=XP, browserConnectionEnabled=false, nativeEvents=true, acceptSslCerts=true, locationContextEnabled=true, webStorageEnabled=true, browserName=chrome, takesScreenshot=true, javascriptEnabled=true, cssSelectorsEnabled=true, setWindowRect=true, unexpectedAlertBehaviour=}]
Session ID: d1d351dfcbc0e996b3251adaad670450
	at com.test.poc.jobstreetSIT.HomePageTest.POC_JOBSTREET_HOMEPAGE_1_001_002(HomePageTest.java:62)
</failure>
    <system-out><![CDATA[2018-03-23 21:02:15 INFO  TestListener:103 - Invoked Method : takeScreenshot started.
2018-03-23 21:02:16 INFO  Utils:173 - Captured screenshot | C:\Users\joe.m.c.pedrajas\git\test-automation2\target\test-output\HomePage Test Suite\Passed\Homepage test\POC_JOBSTREET_HOMEPAGE_1_001_001.png
2018-03-23 21:02:16 INFO  TestListener:98 - Invoked Method : takeScreenshot completed.
2018-03-23 21:02:16 INFO  TestListener:103 - Invoked Method : initAssert started.
2018-03-23 21:02:16 INFO  TestListener:98 - Invoked Method : initAssert completed.
2018-03-23 21:02:16 INFO  TestListener:48 - -------------------------------------------------------
2018-03-23 21:02:16 INFO  TestListener:49 -  T E S T   N A M E : Homepage test Started.
2018-03-23 21:02:16 INFO  TestListener:50 - -------------------------------------------------------
2018-03-23 21:02:16 INFO  TestListener:103 - Invoked Method : POC_JOBSTREET_HOMEPAGE_1_001_002 started.
2018-03-23 21:02:16 INFO  BasePage:552 - Waiting for Locator to be present : By.id: header-login-button
2018-03-23 21:02:16 INFO  BasePage:559 - Moving to element: [[ChromeDriver: chrome on XP (d1d351dfcbc0e996b3251adaad670450)] -> id: header-login-button]
2018-03-23 21:02:16 INFO  TestListener:98 - Invoked Method : POC_JOBSTREET_HOMEPAGE_1_001_002 completed.
2018-03-23 21:02:16 ERROR TestListener:68 - 
]]></system-out>
  </testcase>
  <testcase name="POC_JOBSTREET_HOMEPAGE_1_001_003" classname="com.test.poc.jobstreetSIT.HomePageTest" time="0.038">
    <failure message="unknown error: call function result missing &apos;value&apos;&#10;  (Session info: chrome=65.0.3325.181)&#10;  (Driver info: chromedriver=2.33.506120 (e3e53437346286c0bc2d2dc9aa4915ba81d9023f),platform=Windows NT 10.0.14393 x86_64) (WARNING: The server did not provide any stacktrace information)&#10;Command duration or timeout: 9 milliseconds&#10;Build info: version: &apos;3.4.0&apos;, revision: &apos;unknown&apos;, time: &apos;unknown&apos;&#10;System info: host: &apos;SUEC-73103T7-LX&apos;, ip: &apos;10.225.3.48&apos;, os.name: &apos;Windows 10&apos;, os.arch: &apos;x86&apos;, os.version: &apos;10.0&apos;, java.version: &apos;1.8.0_111&apos;&#10;Driver info: org.openqa.selenium.chrome.ChromeDriver&#10;Capabilities [{applicationCacheEnabled=false, rotatable=false, mobileEmulationEnabled=false, networkConnectionEnabled=false, chrome={chromedriverVersion=2.33.506120 (e3e53437346286c0bc2d2dc9aa4915ba81d9023f), userDataDir=C:\Users\JOEMC~1.PED\AppData\Local\Temp\scoped_dir8348_11385}, takesHeapSnapshot=true, pageLoadStrategy=normal, databaseEnabled=false, handlesAlerts=true, hasTouchScreen=false, version=65.0.3325.181, platform=XP, browserConnectionEnabled=false, nativeEvents=true, acceptSslCerts=true, locationContextEnabled=true, webStorageEnabled=true, browserName=chrome, takesScreenshot=true, javascriptEnabled=true, cssSelectorsEnabled=true, setWindowRect=true, unexpectedAlertBehaviour=}]&#10;Session ID: d1d351dfcbc0e996b3251adaad670450" type="org.openqa.selenium.WebDriverException">org.openqa.selenium.WebDriverException: 
unknown error: call function result missing 'value'
  (Session info: chrome=65.0.3325.181)
  (Driver info: chromedriver=2.33.506120 (e3e53437346286c0bc2d2dc9aa4915ba81d9023f),platform=Windows NT 10.0.14393 x86_64) (WARNING: The server did not provide any stacktrace information)
Command duration or timeout: 9 milliseconds
Build info: version: '3.4.0', revision: 'unknown', time: 'unknown'
System info: host: 'SUEC-73103T7-LX', ip: '10.225.3.48', os.name: 'Windows 10', os.arch: 'x86', os.version: '10.0', java.version: '1.8.0_111'
Driver info: org.openqa.selenium.chrome.ChromeDriver
Capabilities [{applicationCacheEnabled=false, rotatable=false, mobileEmulationEnabled=false, networkConnectionEnabled=false, chrome={chromedriverVersion=2.33.506120 (e3e53437346286c0bc2d2dc9aa4915ba81d9023f), userDataDir=C:\Users\JOEMC~1.PED\AppData\Local\Temp\scoped_dir8348_11385}, takesHeapSnapshot=true, pageLoadStrategy=normal, databaseEnabled=false, handlesAlerts=true, hasTouchScreen=false, version=65.0.3325.181, platform=XP, browserConnectionEnabled=false, nativeEvents=true, acceptSslCerts=true, locationContextEnabled=true, webStorageEnabled=true, browserName=chrome, takesScreenshot=true, javascriptEnabled=true, cssSelectorsEnabled=true, setWindowRect=true, unexpectedAlertBehaviour=}]
Session ID: d1d351dfcbc0e996b3251adaad670450
	at com.test.poc.jobstreetSIT.HomePageTest.POC_JOBSTREET_HOMEPAGE_1_001_003(HomePageTest.java:67)
</failure>
    <system-out><![CDATA[2018-03-23 21:02:16 INFO  TestListener:103 - Invoked Method : takeScreenshot started.
2018-03-23 21:02:16 INFO  Utils:173 - Captured screenshot | C:\Users\joe.m.c.pedrajas\git\test-automation2\target\test-output\HomePage Test Suite\Failed\Homepage test\POC_JOBSTREET_HOMEPAGE_1_001_002.png
2018-03-23 21:02:16 INFO  TestListener:98 - Invoked Method : takeScreenshot completed.
2018-03-23 21:02:16 INFO  TestListener:103 - Invoked Method : initAssert started.
2018-03-23 21:02:16 INFO  TestListener:98 - Invoked Method : initAssert completed.
2018-03-23 21:02:16 INFO  TestListener:48 - -------------------------------------------------------
2018-03-23 21:02:16 INFO  TestListener:49 -  T E S T   N A M E : Homepage test Started.
2018-03-23 21:02:16 INFO  TestListener:50 - -------------------------------------------------------
2018-03-23 21:02:16 INFO  TestListener:103 - Invoked Method : POC_JOBSTREET_HOMEPAGE_1_001_003 started.
2018-03-23 21:02:16 INFO  BasePage:552 - Waiting for Locator to be present : By.id: header-signup-button
2018-03-23 21:02:16 INFO  BasePage:559 - Moving to element: [[ChromeDriver: chrome on XP (d1d351dfcbc0e996b3251adaad670450)] -> id: header-signup-button]
2018-03-23 21:02:16 INFO  TestListener:98 - Invoked Method : POC_JOBSTREET_HOMEPAGE_1_001_003 completed.
2018-03-23 21:02:16 ERROR TestListener:68 - 
]]></system-out>
  </testcase>
</testsuite>