<?xml version="1.0" encoding="UTF-8"?>
<testsuite xmlns:xsi="http://www.w3.org/2001/XMLSchema-instance" xsi:schemaLocation="https://maven.apache.org/surefire/maven-surefire-plugin/xsd/surefire-test-report.xsd" name="TestSuite" time="51.957" tests="3" errors="0" skipped="0" failures="0">
  <properties>
[...]
</properties>
  <testcase name="POC_JOBSTREET_HOMEPAGE_1_001_001" classname="com.test.poc.jobstreetSIT.HomePageTest" time="0.025"/>
  <testcase name="POC_JOBSTREET_HOMEPAGE_1_001_002" classname="com.test.poc.jobstreetSIT.HomePageTest" time="0.067"/>
  <testcase name="POC_JOBSTREET_HOMEPAGE_1_001_003" classname="com.test.poc.jobstreetSIT.HomePageTest" time="0.071"/>
</testsuite>