<?xml version="1.0" encoding="UTF-8"?>
<!-- Generated by org.testng.reporters.JUnitXMLReporter -->
<testsuite hostname="SUEC-73103T7-LX" name="Homepage test" tests="3" failures="0" timestamp="22 Mar 2018 07:52:04 GMT" time="50.531" errors="0">
  <testcase name="POC_JOBSTREET_HOMEPAGE_1_001_001" time="0.027" classname="com.test.poc.jobstreetSIT.HomePageTest"/>
  <testcase name="POC_JOBSTREET_HOMEPAGE_1_001_002" time="0.057" classname="com.test.poc.jobstreetSIT.HomePageTest"/>
  <testcase name="POC_JOBSTREET_HOMEPAGE_1_001_003" time="0.053" classname="com.test.poc.jobstreetSIT.HomePageTest"/>
</testsuite> <!-- Homepage test -->
